This is a test for sym-link
